<?xml version="1.0" encoding="UTF-8"?>
<testng-results ignored="0" total="2" passed="2" failed="0" skipped="0">
  <reporter-output>
  </reporter-output>
  <suite started-at="2024-01-16T19:13:44Z" name="Default suite" finished-at="2024-01-16T19:13:52Z" duration-ms="8501">
    <groups>
      <group name="cucumber">
        <method signature="AbstractTestNGCucumberTests.runScenario(io.cucumber.testng.PickleWrapper, io.cucumber.testng.FeatureWrapper)[pri:0, instance:TestRunner.RunnerTest@7ae42ce3]" name="runScenario" class="io.cucumber.testng.AbstractTestNGCucumberTests"/>
      </group> <!-- cucumber -->
    </groups>
    <test started-at="2024-01-16T19:13:44Z" name="Default test" finished-at="2024-01-16T19:13:52Z" duration-ms="8501">
      <class name="TestRunner.RunnerTest">
        <test-method is-config="true" signature="setUpClass(org.testng.ITestContext)[pri:0, instance:TestRunner.RunnerTest@7ae42ce3]" started-at="2024-01-16T19:13:44Z" name="setUpClass" finished-at="2024-01-16T19:13:44Z" duration-ms="178" status="PASS">
          <params>
            <param index="0">
              <value>
                <![CDATA[org.testng.TestRunner@323f3c96]]>
              </value>
            </param>
          </params>
          <reporter-output>
          </reporter-output>
        </test-method> <!-- setUpClass -->
        <test-method signature="runScenario(io.cucumber.testng.PickleWrapper, io.cucumber.testng.FeatureWrapper)[pri:0, instance:TestRunner.RunnerTest@7ae42ce3]" started-at="2024-01-16T19:13:44Z" name="runScenario" description="Runs Cucumber Scenarios" data-provider="scenarios" finished-at="2024-01-16T19:13:51Z" duration-ms="7339" status="PASS">
          <params>
            <param index="0">
              <value>
                <![CDATA["validate the Contact Information"]]>
              </value>
            </param>
            <param index="1">
              <value>
                <![CDATA["Test GURU99 Application"]]>
              </value>
            </param>
          </params>
          <reporter-output>
          </reporter-output>
        </test-method> <!-- runScenario -->
        <test-method signature="runScenario(io.cucumber.testng.PickleWrapper, io.cucumber.testng.FeatureWrapper)[pri:0, instance:TestRunner.RunnerTest@7ae42ce3]" started-at="2024-01-16T19:13:51Z" name="runScenario" description="Runs Cucumber Scenarios" data-provider="scenarios" finished-at="2024-01-16T19:13:52Z" duration-ms="966" status="PASS">
          <params>
            <param index="0">
              <value>
                <![CDATA["validate Mailing Information"]]>
              </value>
            </param>
            <param index="1">
              <value>
                <![CDATA["Test GURU99 Application"]]>
              </value>
            </param>
          </params>
          <reporter-output>
          </reporter-output>
        </test-method> <!-- runScenario -->
        <test-method is-config="true" signature="tearDownClass()[pri:0, instance:TestRunner.RunnerTest@7ae42ce3]" started-at="2024-01-16T19:13:52Z" name="tearDownClass" finished-at="2024-01-16T19:13:52Z" duration-ms="0" status="PASS">
          <reporter-output>
          </reporter-output>
        </test-method> <!-- tearDownClass -->
      </class> <!-- TestRunner.RunnerTest -->
    </test> <!-- Default test -->
  </suite> <!-- Default suite -->
</testng-results>
